
 HyperLynx Thermal Version 9.0
 Copyright Mentor Graphics Corporation 1988-2008
 All Rights Reserved.

 ** File Name: C:\Documents and Settings\Scylla\Desktop\roverSVN\Electrical\padsDrawings\R-E-04-01(2.4GHz_Amplifier)\2.4GHzAmp_HLThermal.exp





           ***  Summary of  Analysis  *** 



     Air Flow comes from (see side 1)Bottom
     Forced Air V, side 1,   ft/m    500.0
                   side 2,   ft/m     20.0
     Incoming Air Temp.      C        35.0
     Air Pressure,           Atm.      1.1
     Air Humidity Ratio                0.5
     Gravity, g                       1.00

     System total Open 0, Close 1,   
      only front open 2, back open 3.   0
     Gravity Direction    -Z
     Board Space side 1      in      10.00
                 side 2      in       1.00
     Adj. Board Power side 1 W        10.0
                      side 2 W        10.0
     Adj. Wall Temp.  side 1 C          25
           (if used)  side 2 C          25
     Emissivity of this board         0.90
     Emiss. Adj. Wall side 1          0.65
      0.65
     Board Location, 0, .5, 1, 1.5     0.0
     (0=test, .5=left,1=in,1.5=right)
     Channel 1 One-sided (0.0)          0
     Board Thickness Total   in      0.235
Thickness plane layer Top in          0.001
Thickness dielectric layer Substrate in     0.093
Thickness plane layer Inner_Layer_2 in          0.001
Thickness dielectric layer Substrate in     0.039
Thickness plane layer Inner_Layer_3 in          0.001
Thickness dielectric layer Substrate in     0.098
Thickness plane layer Bottom in          0.001
               Base Mat. Cond. W/inC    0.00762
           Wire Conductivity W/inC      9.99979
     Typical Metal Vol. Fraction        0.02910
     Typical Average Conduct.  W/inC    0.29839


     Board Width (xmax)      in       3.42
     Board Length (ymax)     in       4.59
     Mesh Maximum Width      in      0.156
     Mesh Maximum Length     in      0.176
     Total Regular Mesh No. in X        22
     Total Regular Mesh No. in Y        27



     Boundary Conditions at edges of Board:
     Anywhere not listed, is insulated edge.

      side  X/Y in.  resist(C-in/W)  SINK C 


 Side  Nat.conv.ft/s  combined V ft/s  
    1         0.07         8.33

 Side  Nat.conv.ft/s  combined V ft/s  
    2         0.07         0.34

 Side  Nat.conv.ft/s  combined V ft/s  
    1         0.07         8.33

 Side  Nat.conv.ft/s  combined V ft/s  
    2         0.07         0.34


 OUTPUT OF  BOARD ANALYSIS


 TOTAL POWER (W) SIDE 1 =    6.63  SIDE 2 =    0.00

                                       SIDE 1      SIDE 2
 Representative EXIT AIR  T(C)          40.4        40.4

       TOTAL ITERATION NO.     PACKAGE T ERROR C
                  473               0.00



   Side Ref.Des. Tc(C) Tj(C)   X1  Y1(in) Q(W)  Part Name       Tair(C)
   1     X4      41.1  41.1   3.2   0.1  0.000          PHOLE-_4  35.0
   1     X3      36.6  36.6   3.2   4.4  0.000          PHOLE-_4  35.2
   1     X2      37.2  37.2   0.1   4.4  0.000          PHOLE-_4  35.1
   1     X1      43.9  43.9   0.1   0.1  0.000          PHOLE-_4  35.0
   1     U9      54.1  54.1   1.2   1.4  0.025         UPG2155TB  35.3
   1     U8      49.6  49.6   2.0   1.8  0.201          TL071IDR  35.5
   1     U7      48.3  48.3   1.9   1.1  0.201           TLV3702  35.3
   1     U6      46.6  46.6   2.4   0.9  0.282            CD4081  35.0
   1     U5      49.5  49.5   1.7   2.7  0.046           MIC5203  35.7
   1     U4      47.8  47.8   2.1   2.2  0.557          REG104-5  35.7
   1     U3      49.6  49.6   2.1   2.7  0.557         REG104-33  35.9
   1     U2      48.1  48.1   2.1   3.1  0.557         REG104-25  37.3
   1    U13      48.1  48.1   1.0   3.0  0.025         UPG2155TB  35.4
   1    U11      52.2  52.2   0.6   1.4  0.025         UPG2155TB  35.3
   1    U10      46.7  46.7   1.5   3.1  0.098           SN10502  35.5
   1     U1      82.1  82.1   1.2   1.9  3.969       SKY65135-21  35.3
   1     T7      49.4  49.4   1.8   2.2  0.000              TPNT  35.9
   1     T6      42.7  42.7   2.5   1.4  0.000              TPNT  35.9
   1     T5      44.6  44.6   2.0   1.6  0.000              TPNT  35.6
   1     T4      45.2  45.2   2.3   1.6  0.000              TPNT  35.5
   1     T3      42.7  42.7   2.2   0.8  0.000              TPNT  35.0
   1     T2      43.8  43.8   2.3   1.5  0.000              TPNT  35.5
   1     T1      47.1  47.1   1.7   1.3  0.000              TPNT  35.2
   1     R9      47.7  47.7   2.0   1.3  0.000          RES-0603  35.2
   1     R8      46.9  46.9   2.2   1.3  0.000          RES-0603  35.3
   1     R7      48.3  48.3   1.9   1.3  0.000          RES-0603  35.2
   1     R6      50.9  50.9   1.9   1.8  0.000          RES-0603  35.5
   1    R55      57.3  57.3   1.3   2.4  0.000          RES-0402  36.5
   1    R54      47.5  47.5   1.5   3.0  0.000          RES-0603  35.5
   1    R53      47.0  47.0   1.6   3.0  0.000          RES-0603  35.5
   1    R52      46.2  46.2   1.4   3.2  0.000          RES-0603  35.4
   1    R51      44.8  44.8   1.5   3.4  0.000          RES-0603  35.5
   1     R5      51.2  51.2   1.9   2.0  0.000          RES-0603  35.5
   1    R47      45.6  45.6   2.5   1.3  0.000          RES-0603  36.0
   1    R46      53.1  53.1   1.3   2.6  0.000          RES-0402  36.0
   1    R45      43.5  43.5   3.1   0.8  0.000          RES-0603  35.0
   1    R44      43.4  43.4   3.1   1.0  0.000          RES-0603  35.0
   1    R43      42.9  42.9   3.1   3.0  0.000          RES-0603  35.3
   1    R42      43.3  43.3   3.1   2.8  0.000          RES-0603  35.3
   1    R41      47.1  47.1   1.8   0.8  0.000          RES-0603  35.0
   1    R40      58.7  58.7   1.4   1.9  0.000          RES-0603  35.2
   1     R4      49.0  49.0   2.1   2.1  0.000          RES-0603  35.5
   1    R39      35.0  35.0   6.1   2.2  0.000          RES-0603   0.0
   1    R38      47.0  47.0   2.3   1.8  0.000          RES-0603  35.5
   1    R33      47.0  47.0   2.3   1.7  0.000          RES-0603  35.5
   1    R32      35.0  35.0   6.7   2.1  0.000          RES-0603   0.0
   1    R31      35.0  35.0   6.5   2.1  0.000          RES-0603   0.0
   1     R3      51.7  51.7   1.3   2.7  0.000          RES-0402  35.9
   1    R27      43.7  43.7   3.1   2.6  0.000          RES-0603  35.3
   1    R26      44.0  44.0   3.1   2.4  0.000          RES-0603  35.2
   1    R25      49.4  49.4   1.9   1.7  0.000          RES-0603  35.5
   1    R24      46.9  46.9   2.0   1.0  0.000          RES-0603  35.0
   1    R23      45.6  45.6   2.3   1.4  0.000          RES-0603  35.5
   1    R22      45.4  45.4   2.6   1.2  0.000          RES-0603  36.0
   1    R21      46.1  46.1   2.3   1.3  0.000          RES-0603  35.5
   1    R20      45.3  45.3   2.6   1.3  0.000          RES-0603  36.0
   1     R2      57.7  57.7   1.3   2.4  0.000          RES-0402  36.5
   1    R19      45.9  45.9   2.4   0.9  0.000          RES-0603  35.0
   1    R18      46.6  46.6   2.3   1.1  0.000          RES-0603  35.5
   1    R17      46.1  46.1   2.3   1.2  0.000          RES-0603  35.5
   1    R16      46.4  46.4   2.1   0.8  0.000          RES-0603  35.0
   1    R15      46.6  46.6   2.0   0.8  0.000          RES-0603  35.0
   1    R14      47.1  47.1   2.2   1.5  0.000          RES-0603  35.6
   1    R13      46.9  46.9   2.2   1.4  0.000          RES-0603  35.6
   1    R12      48.6  48.6   1.9   1.4  0.000          RES-0603  35.4
   1    R11      48.7  48.7   1.7   1.2  0.000          RES-0603  35.2
   1    R10      48.4  48.4   1.7   1.0  0.000          RES-0603  35.1
   1     R1      54.8  54.8   1.3   2.5  0.000          RES-0402  36.0
   1     Q1      48.1  48.1   1.8   0.9  0.041           BC860CW  35.1
   1     L1      53.0  53.0   1.6   2.0  0.000           IND0805  35.9
   1     J6      40.0  40.0   1.2   0.1  0.000         SMA-TH-50  35.0
   1     J5      36.9  36.9   2.1   3.8  0.000  HDR_MINIFITJR_2R2P-RA  36.3
   1     J4      38.1  38.1   3.0   1.2  0.000  HDR_SHERLOCK_4P_RA  35.1
   1     J3      36.6  36.6   1.5   4.2  0.000  HDR_SHERLOCK_4P_RA  35.5
   1     J2      40.1  40.1   0.5   0.1  0.000         SMA-TH-50  35.0
   1     J1      36.8  36.8   0.9   3.9  0.000         SMA-TH-50  35.3
   1     D8      41.9  41.9   3.1   2.9  0.000  LED-0805_DIALIGHT_598-8150-107F  35.3
   1     D7      42.3  42.3   3.1   2.7  0.000  LED-0805_DIALIGHT_598-8150-107F  35.3
   1     D6      42.5  42.5   3.1   2.5  0.000  LED-0805_DIALIGHT_598-8150-107F  35.3
   1     D4      42.2  42.2   3.1   1.0  0.000  LED-0805_DIALIGHT_598-8170-107F  35.0
   1     D3      43.1  43.1   3.1   2.4  0.000  LED-0805_DIALIGHT_598-8150-107F  35.2
   1     D2      47.3  47.3   2.2   0.9  0.052  ZENER_BZX84-B8V2  35.2
   1     D1      42.3  42.3   3.1   0.8  0.000  LED-0805_DIALIGHT_598-8170-107F  35.0
   1     C9      49.3  49.3   2.0   2.4  0.000          CAP-0603  35.7
   1     C8      47.3  47.3   2.0   2.9  0.000          CAP-0603  35.6
   1     C7      44.0  44.0   2.0   3.3  0.000          CAP-0603  36.0
   1     C6      49.9  49.9   1.9   2.3  0.000          CAP-0603  35.7
   1     C5      45.1  45.1   1.9   3.3  0.000          CAP-0603  35.6
   1    C49      37.8  37.8   2.4   3.8  0.000       CAP_RAD_5MM  36.3
   1    C48      46.2  46.2   1.6   3.1  0.000          CAP-1206  35.7
   1    C47      45.9  45.9   1.7   3.2  0.000          CAP-0603  35.6
   1    C46      49.8  49.8   1.3   1.1  0.000          CAP-0402  35.3
   1    C45      57.4  57.4   1.3   1.6  0.000          CAP-0402  35.3
   1    C44      53.3  53.3   1.0   1.4  0.000          CAP-0402  35.1
   1    C43      51.8  51.8   1.5   1.5  0.000          CAP-0603  35.2
   1    C42      59.5  59.5   1.0   1.7  0.000          CAP-0603  35.2
   1    C41      49.9  49.9   0.7   1.1  0.000          CAP-0402  35.3
   1     C4      48.1  48.1   1.9   2.8  0.000          CAP-0603  35.6
   1    C38      46.2  46.2   1.1   3.2  0.000          CAP-0402  35.5
   1    C37      50.5  50.5   1.3   2.7  0.000          CAP-0402  35.9
   1    C36      50.7  50.7   0.6   2.6  0.000          CAP-0402  35.4
   1    C35      45.7  45.7   1.3   3.3  0.000          CAP-0603  35.7
   1    C34      45.5  45.5   0.8   3.3  0.000          CAP-0603  35.3
   1    C33      49.9  49.9   0.4   1.2  0.000          CAP-0603  35.1
   1    C32      50.7  50.7   0.8   1.2  0.000          CAP-0603  35.1
   1    C31      48.2  48.2   2.1   1.7  0.000          CAP-0603  35.5
   1     C3      49.9  49.9   2.0   2.2  0.000          CAP-0603  35.7
   1    C28      47.5  47.5   1.8   0.9  0.000          CAP-0603  35.1
   1    C27      55.1  55.1   1.6   2.1  0.000          CAP-0603  35.9
   1    C26      35.0  35.0   6.2   2.2  0.000          CAP-0603   0.0
   1    C22      58.4  58.4   1.4   2.1  0.000          CAP-0603  35.4
   1    C21      56.2  56.2   1.4   2.2  0.000          CAP-1206  35.6
   1    C20      53.8  53.8   1.6   1.9  0.000          CAP-1206  36.3
   1     C2      48.5  48.5   2.0   2.7  0.000          CAP-0603  35.6
   1    C19      59.6  59.6   1.4   2.0  0.000          CAP-0603  35.4
   1    C18      55.6  55.6   1.4   1.7  0.000          CAP-1206  35.2
   1    C17      57.8  57.8   1.4   1.9  0.000          CAP-0603  35.2
   1    C16      45.2  45.2   2.5   0.8  0.000          CAP-0603  35.0
   1    C15      46.1  46.1   2.4   1.1  0.000          CAP-0603  35.1
   1    C14      48.0  48.0   2.0   1.5  0.000          CAP-0603  35.6
   1    C13      41.9  41.9   1.7   1.5  0.000       CAP_RAD_5MM  35.3
   1    C12      47.7  47.7   2.0   1.4  0.000          CAP-0603  35.6
   1    C11      49.5  49.5   1.7   2.6  0.000          CAP-0603  35.7
   1    C10      47.6  47.6   1.7   2.9  0.000          CAP-0603  35.7
   1     C1      45.7  45.7   2.0   3.1  0.000          CAP-0603  36.4
   2    R37      58.8  58.8   0.8   2.0  0.000          RES-0603  36.0
   2    R36      57.9  57.9   0.8   2.2  0.000          RES-0603  36.4
   2    R35      58.7  58.7   0.8   2.0  0.000          RES-0603  36.0
   2    R34      58.0  58.0   0.8   2.1  0.000          RES-0603  36.0
   2    R30      61.6  61.6   1.0   1.8  0.000          RES-0603  35.4
   2    R29      61.9  61.9   1.0   1.9  0.000          RES-0603  35.4
   2    R28      63.3  63.3   1.0   2.0  0.000          RES-0603  36.0
   2    C30      61.8  61.8   1.0   2.1  0.000          CAP-0603  36.0
   2    C29      61.4  61.4   1.0   2.2  0.000          CAP-0603  36.4
   2    C25      58.1  58.1   0.8   1.8  0.000          CAP-0603  35.4
   2    C24      58.2  58.2   0.8   1.9  0.000          CAP-0603  35.4
   2    C23      63.2  63.2   1.0   2.0  0.000          CAP-0603  36.0



 Display of Board Temperature Map, degree C. 

 Total X length (mm) =  86.99 Divided into  44 meshes
 Total Y length (mm) = 116.46 Divided into  53 meshes

 Display starts at the first Y column, from bottom to top.
 Then, next Y column at next larger X values, for all board.

 X MESH =   1
 47.1 47.1 47.2 47.3 47.4 47.6 47.8 48.0 48.2 48.5
 48.8 49.1 49.4 49.7 50.0 50.3 50.6 50.9 51.1 51.3
 51.4 51.5 51.5 51.4 51.2 50.9 50.6 50.2 49.8 49.3
 48.8 48.2 47.6 47.0 46.4 45.8 45.2 44.6 44.1 43.5
 42.9 42.3 41.8 41.3 40.7 40.2 39.7 39.3 38.8 38.3
 37.9 37.5 37.0
 X MESH =   2
 47.1 47.1 47.2 47.3 47.4 47.6 47.8 48.0 48.2 48.5
 48.8 49.1 49.4 49.7 50.1 50.4 50.7 51.0 51.2 51.4
 51.5 51.6 51.6 51.5 51.3 51.0 50.7 50.3 49.8 49.3
 48.8 48.2 47.7 47.1 46.5 45.9 45.3 44.7 44.1 43.5
 42.9 42.4 41.8 41.3 40.8 40.2 39.7 39.3 38.8 38.3
 37.9 37.5 37.2
 X MESH =   3
 47.1 47.1 47.2 47.3 47.4 47.6 47.8 48.0 48.3 48.5
 48.8 49.1 49.5 49.8 50.1 50.5 50.8 51.1 51.3 51.6
 51.7 51.8 51.8 51.7 51.5 51.2 50.9 50.4 50.0 49.5
 48.9 48.3 47.7 47.1 46.5 45.9 45.3 44.7 44.1 43.5
 42.9 42.4 41.8 41.3 40.8 40.2 39.8 39.3 38.8 38.3
 37.9 37.4 37.0
 X MESH =   4
 47.0 47.1 47.2 47.3 47.4 47.6 47.8 48.0 48.3 48.6
 48.9 49.2 49.5 49.9 50.3 50.6 51.0 51.3 51.6 51.8
 52.0 52.0 52.1 52.0 51.8 51.5 51.1 50.7 50.1 49.6
 49.0 48.5 47.8 47.2 46.6 46.0 45.3 44.7 44.1 43.5
 43.0 42.4 41.8 41.3 40.8 40.3 39.8 39.3 38.8 38.3
 37.9 37.4 37.2
 X MESH =   5
 47.0 47.0 47.1 47.2 47.4 47.6 47.8 48.0 48.3 48.6
 48.9 49.3 49.6 50.0 50.4 50.8 51.1 51.5 51.8 52.1
 52.3 52.4 52.4 52.3 52.1 51.8 51.4 50.9 50.4 49.8
 49.2 48.6 48.0 47.3 46.7 46.0 45.4 44.8 44.2 43.6
 43.0 42.4 41.8 41.3 40.8 40.3 39.8 39.3 38.8 38.3
 37.9 37.4 37.0
 X MESH =   6
 46.9 47.0 47.1 47.2 47.4 47.6 47.8 48.0 48.3 48.6
 49.0 49.3 49.7 50.1 50.5 50.9 51.4 51.8 52.2 52.5
 52.8 52.9 52.9 52.8 52.6 52.3 51.8 51.3 50.7 50.1
 49.4 48.8 48.1 47.5 46.8 46.1 45.5 44.8 44.2 43.6
 43.0 42.4 41.9 41.3 40.8 40.3 39.7 39.3 38.8 38.3
 37.9 37.4 37.2
 X MESH =   7
 46.9 47.0 47.1 47.2 47.3 47.5 47.8 48.0 48.3 48.7
 49.0 49.4 49.8 50.3 50.7 51.2 51.6 52.1 52.6 53.0
 53.3 53.5 53.5 53.4 53.2 52.8 52.3 51.7 51.1 50.4
 49.7 49.0 48.3 47.6 46.9 46.2 45.6 44.9 44.3 43.6
 43.0 42.4 41.9 41.3 40.8 40.3 39.7 39.3 38.8 38.3
 37.8 37.4 37.0
 X MESH =   8
 46.9 46.9 47.0 47.2 47.3 47.5 47.8 48.0 48.4 48.7
 49.1 49.5 49.9 50.4 50.9 51.4 52.0 52.5 53.1 53.5
 54.0 54.2 54.3 54.2 53.9 53.5 52.9 52.3 51.4 50.7
 50.0 49.2 48.5 47.8 47.0 46.3 45.6 45.0 44.3 43.7
 43.1 42.5 41.9 41.3 40.8 40.3 39.7 39.2 38.8 38.3
 37.8 37.4 37.2
 X MESH =   9
 46.8 46.9 47.0 47.1 47.3 47.5 47.8 48.1 48.4 48.7
 49.1 49.6 50.0 50.6 51.1 51.7 52.3 53.0 53.6 54.2
 54.7 55.1 55.2 55.1 54.8 54.3 53.6 52.8 52.0 51.1
 50.3 49.5 48.7 47.9 47.2 46.5 45.8 45.0 44.4 43.7
 43.1 42.5 41.9 41.3 40.8 40.2 39.7 39.2 38.7 38.3
 37.8 37.4 36.9
 X MESH =  10
 46.8 46.8 46.9 47.1 47.3 47.5 47.7 48.0 48.4 48.8
 49.2 49.6 50.2 50.7 51.4 52.0 52.7 53.4 54.3 55.0
 55.7 56.1 56.4 56.3 55.9 55.4 54.4 53.5 52.4 51.6
 50.6 49.8 48.9 48.1 47.3 46.6 45.8 45.1 44.4 43.8
 43.1 42.5 41.9 41.3 40.8 40.2 39.7 39.2 38.7 38.3
 37.8 37.3 37.1
 X MESH =  11
 46.7 46.8 46.9 47.0 47.2 47.5 47.7 48.0 48.4 48.8
 49.2 49.7 50.3 50.9 51.6 52.3 53.1 54.0 55.0 56.0
 56.8 57.5 57.8 57.7 57.3 56.4 55.5 54.3 53.2 52.0
 51.1 50.1 49.2 48.3 47.5 46.7 46.0 45.2 44.5 43.8
 43.2 42.5 41.9 41.3 40.8 40.2 39.7 39.2 38.7 38.2
 37.8 37.3 36.9
 X MESH =  12
 46.7 46.7 46.8 47.0 47.2 47.4 47.7 48.0 48.4 48.8
 49.3 49.8 50.4 51.0 51.8 52.5 53.5 54.5 55.8 56.9
 58.3 59.0 59.6 59.5 58.8 57.9 56.4 55.2 53.7 52.6
 51.4 50.4 49.4 48.5 47.7 46.9 46.1 45.3 44.6 43.9
 43.2 42.6 41.9 41.3 40.8 40.2 39.7 39.2 38.7 38.2
 37.8 37.3 37.1
 X MESH =  13
 46.6 46.7 46.8 46.9 47.1 47.4 47.7 48.0 48.4 48.8
 49.3 49.8 50.4 51.1 51.9 52.8 53.8 55.2 56.5 58.2
 59.6 60.9 61.5 61.5 60.8 59.3 57.7 55.9 54.5 53.0
 51.8 50.6 49.6 48.7 47.9 47.0 46.2 45.4 44.6 43.9
 43.2 42.6 42.0 41.4 40.8 40.2 39.7 39.2 38.7 38.2
 37.8 37.3 36.9
 X MESH =  14
 46.5 46.6 46.7 46.9 47.1 47.3 47.6 47.9 48.3 48.7
 49.2 49.8 50.4 51.2 52.0 53.0 54.2 55.5 57.3 59.0
 61.6 62.9 64.5 64.4 62.8 61.4 58.6 56.8 54.9 53.4
 52.0 50.9 49.8 48.8 48.0 47.1 46.3 45.5 44.7 44.0
 43.3 42.6 42.0 41.4 40.8 40.2 39.7 39.2 38.7 38.2
 37.7 37.3 37.1
 X MESH =  15
 46.5 46.5 46.6 46.8 47.0 47.2 47.5 47.9 48.3 48.7
 49.2 49.8 50.4 51.2 52.0 53.1 54.3 56.0 57.8 60.5
 63.1 65.9 67.4 67.5 65.9 63.0 60.3 57.4 55.5 53.7
 52.3 51.0 49.9 48.9 48.0 47.2 46.3 45.5 44.7 44.0
 43.3 42.6 42.0 41.4 40.8 40.2 39.7 39.2 38.7 38.2
 37.7 37.3 36.9
 X MESH =  16
 46.4 46.5 46.6 46.7 46.9 47.2 47.4 47.8 48.2 48.6
 49.1 49.7 50.3 51.1 52.0 53.1 54.4 56.0 58.1 60.7
 64.3 67.1 69.4 69.5 67.2 64.4 60.6 57.7 55.6 53.8
 52.3 51.0 49.9 48.9 48.0 47.1 46.3 45.5 44.7 44.0
 43.3 42.6 42.0 41.4 40.8 40.2 39.7 39.1 38.6 38.2
 37.7 37.3 37.1
 X MESH =  17
 46.3 46.4 46.5 46.6 46.8 47.1 47.4 47.7 48.1 48.5
 49.0 49.5 50.1 50.9 51.8 52.9 54.1 55.8 57.8 60.7
 64.3 67.4 69.7 69.8 67.5 64.4 60.6 57.6 55.4 53.6
 52.2 50.9 49.8 48.8 47.9 47.1 46.3 45.5 44.7 44.0
 43.3 42.6 42.0 41.3 40.7 40.2 39.6 39.1 38.6 38.1
 37.7 37.2 36.8
 X MESH =  18
 46.2 46.3 46.4 46.5 46.7 47.0 47.2 47.6 47.9 48.4
 48.8 49.4 49.9 50.7 51.5 52.6 53.7 55.3 57.1 60.0
 62.7 65.8 67.5 67.6 66.0 62.9 60.0 57.0 55.1 53.3
 52.0 50.7 49.7 48.7 47.9 47.0 46.3 45.5 44.7 44.0
 43.3 42.6 41.9 41.3 40.7 40.1 39.6 39.1 38.6 38.1
 37.6 37.2 37.0
 X MESH =  19
 46.1 46.2 46.3 46.4 46.6 46.8 47.1 47.4 47.8 48.2
 48.6 49.1 49.7 50.4 51.2 52.1 53.2 54.4 56.1 57.7
 60.4 61.9 63.6 63.7 62.1 60.7 57.8 56.2 54.4 53.0
 51.6 50.5 49.5 48.6 47.8 47.0 46.3 45.6 44.8 44.0
 43.3 42.6 41.9 41.3 40.7 40.1 39.5 39.0 38.5 38.1
 37.6 37.2 36.7
 X MESH =  20
 46.0 46.0 46.2 46.3 46.5 46.7 47.0 47.3 47.6 48.0
 48.4 48.9 49.5 50.1 50.8 51.6 52.4 53.6 54.7 56.3
 57.7 59.1 59.9 60.0 59.4 58.1 56.7 55.1 53.8 52.4
 51.4 50.2 49.3 48.4 47.7 46.9 46.3 45.5 44.8 44.0
 43.3 42.6 41.9 41.3 40.7 40.1 39.5 39.0 38.5 38.0
 37.6 37.1 36.9
 X MESH =  21
 45.9 45.9 46.0 46.2 46.4 46.6 46.8 47.1 47.5 47.8
 48.2 48.7 49.2 49.7 50.3 50.9 51.7 52.5 53.6 54.5
 55.9 56.7 57.5 57.6 57.0 56.5 55.1 54.2 52.9 51.9
 50.8 50.0 49.0 48.3 47.5 46.8 46.2 45.5 44.7 44.0
 43.3 42.5 41.9 41.2 40.6 40.0 39.5 38.9 38.5 38.0
 37.6 37.1 36.7
 X MESH =  22
 45.7 45.8 45.9 46.1 46.2 46.4 46.7 47.0 47.3 47.6
 48.0 48.4 48.8 49.4 49.8 50.4 50.9 51.6 52.2 53.1
 54.2 55.0 55.4 55.5 55.3 54.7 54.0 53.1 52.2 51.3
 50.5 49.6 48.8 48.0 47.3 46.7 46.1 45.4 44.7 43.9
 43.2 42.5 41.8 41.2 40.6 40.0 39.4 38.9 38.4 38.0
 37.5 37.1 36.9
 X MESH =  23
 45.6 45.6 45.8 45.9 46.1 46.3 46.5 46.8 47.1 47.4
 47.8 48.1 48.5 48.9 49.4 49.7 50.2 50.6 51.1 51.8
 52.8 53.5 53.9 54.0 53.8 53.5 52.8 52.2 51.4 50.7
 49.9 49.3 48.5 47.9 47.1 46.5 45.9 45.3 44.5 43.9
 43.1 42.5 41.8 41.2 40.6 40.0 39.4 38.9 38.4 38.0
 37.5 37.1 36.8
 X MESH =  24
 45.5 45.5 45.6 45.8 45.9 46.1 46.4 46.6 46.9 47.2
 47.5 47.9 48.2 48.6 48.9 49.3 49.5 49.9 50.2 50.9
 51.6 52.3 52.6 52.7 52.6 52.3 51.8 51.3 50.8 50.1
 49.5 48.9 48.3 47.6 47.0 46.3 45.8 45.1 44.5 43.8
 43.1 42.4 41.7 41.1 40.5 39.9 39.4 38.9 38.4 38.0
 37.5 37.1 36.9
 X MESH =  25
 45.3 45.4 45.5 45.6 45.8 46.0 46.2 46.4 46.7 47.0
 47.3 47.7 48.0 48.2 48.5 48.8 49.1 49.3 49.7 50.1
 50.8 51.2 51.5 51.6 51.5 51.3 50.9 50.5 50.0 49.6
 49.0 48.5 48.0 47.4 46.8 46.2 45.6 45.0 44.4 43.7
 43.0 42.3 41.7 41.1 40.5 39.9 39.3 38.8 38.4 37.9
 37.5 37.1 36.7
 X MESH =  26
 45.2 45.2 45.3 45.5 45.6 45.8 46.0 46.3 46.5 46.8
 47.1 47.4 47.7 48.0 48.2 48.4 48.6 48.8 49.2 49.6
 50.0 50.4 50.5 50.6 50.6 50.4 50.1 49.8 49.5 49.1
 48.7 48.2 47.8 47.2 46.7 46.1 45.6 45.0 44.3 43.7
 42.9 42.3 41.6 41.0 40.4 39.8 39.3 38.8 38.4 37.9
 37.5 37.1 36.9
 X MESH =  27
 45.0 45.1 45.2 45.3 45.5 45.6 45.9 46.1 46.3 46.6
 46.9 47.2 47.5 47.7 47.9 48.0 48.2 48.4 48.7 49.0
 49.4 49.6 49.8 49.8 49.8 49.7 49.4 49.2 48.9 48.7
 48.3 48.0 47.6 47.1 46.6 46.1 45.6 45.0 44.3 43.6
 42.9 42.2 41.6 40.9 40.3 39.8 39.3 38.8 38.3 37.9
 37.5 37.1 36.8
 X MESH =  28
 44.9 44.9 45.0 45.2 45.3 45.5 45.7 45.9 46.1 46.4
 46.7 46.9 47.2 47.4 47.5 47.6 47.7 47.9 48.2 48.5
 48.8 49.0 49.1 49.2 49.1 49.0 48.9 48.7 48.5 48.3
 48.1 47.8 47.4 47.0 46.5 46.0 45.6 45.0 44.3 43.6
 42.9 42.1 41.5 40.9 40.3 39.7 39.2 38.7 38.3 37.9
 37.5 37.1 37.0
 X MESH =  29
 44.7 44.8 44.9 45.0 45.2 45.3 45.5 45.7 45.9 46.2
 46.5 46.7 46.9 47.1 47.2 47.2 47.3 47.5 47.7 48.0
 48.3 48.4 48.6 48.6 48.5 48.5 48.3 48.2 48.1 48.0
 47.8 47.6 47.2 46.9 46.4 45.9 45.5 44.9 44.3 43.5
 42.8 42.1 41.4 40.8 40.2 39.7 39.2 38.7 38.3 37.9
 37.5 37.1 36.8
 X MESH =  30
 44.6 44.6 44.7 44.9 45.0 45.1 45.3 45.5 45.7 46.0
 46.3 46.5 46.6 46.7 46.8 46.9 46.9 47.1 47.3 47.5
 47.7 47.9 48.0 48.0 48.0 48.0 47.9 47.8 47.7 47.6
 47.5 47.3 47.0 46.7 46.2 45.8 45.4 44.8 44.2 43.5
 42.7 42.0 41.3 40.6 40.1 39.6 39.1 38.7 38.3 37.9
 37.5 37.1 37.0
 X MESH =  31
 44.4 44.5 44.6 44.7 44.8 45.0 45.2 45.3 45.6 45.8
 46.0 46.2 46.4 46.4 46.5 46.5 46.6 46.7 46.9 47.0
 47.2 47.4 47.5 47.5 47.5 47.5 47.5 47.4 47.3 47.2
 47.2 47.0 46.8 46.4 46.0 45.6 45.2 44.7 44.0 43.3
 42.5 41.8 41.1 40.5 40.0 39.5 39.1 38.6 38.2 37.9
 37.5 37.1 36.8
 X MESH =  32
 44.3 44.3 44.4 44.5 44.7 44.8 45.0 45.2 45.4 45.6
 45.8 46.0 46.1 46.2 46.1 46.2 46.2 46.4 46.5 46.6
 46.8 46.9 47.0 47.0 47.1 47.1 47.1 47.0 46.9 46.9
 46.8 46.7 46.5 46.1 45.7 45.3 45.0 44.5 43.8 43.1
 42.4 41.7 41.0 40.4 39.9 39.4 39.0 38.6 38.2 37.8
 37.5 37.1 36.9
 X MESH =  33
 44.2 44.2 44.3 44.4 44.5 44.6 44.8 45.0 45.2 45.4
 45.7 45.8 45.9 45.9 45.8 45.8 45.9 46.0 46.1 46.2
 46.3 46.4 46.5 46.6 46.6 46.7 46.6 46.6 46.5 46.5
 46.4 46.3 46.1 45.8 45.4 45.0 44.7 44.2 43.6 42.9
 42.2 41.5 40.9 40.3 39.8 39.4 39.0 38.6 38.2 37.8
 37.4 37.1 36.7
 X MESH =  34
 44.0 44.1 44.1 44.2 44.3 44.5 44.6 44.8 45.0 45.2
 45.4 45.6 45.6 45.6 45.5 45.5 45.6 45.6 45.7 45.8
 45.9 46.0 46.1 46.2 46.2 46.2 46.2 46.2 46.1 46.0
 46.0 45.9 45.7 45.4 45.0 44.7 44.3 43.8 43.3 42.7
 42.1 41.4 40.8 40.2 39.8 39.3 38.9 38.5 38.1 37.8
 37.4 37.0 36.9
 X MESH =  35
 43.9 43.9 44.0 44.1 44.2 44.3 44.4 44.6 44.7 44.9
 45.1 45.2 45.3 45.3 45.2 45.2 45.3 45.3 45.4 45.5
 45.6 45.6 45.7 45.7 45.8 45.8 45.8 45.7 45.6 45.6
 45.5 45.3 45.1 44.9 44.5 44.2 43.9 43.5 42.9 42.4
 41.8 41.3 40.7 40.2 39.7 39.3 38.9 38.5 38.1 37.7
 37.4 37.0 36.7
 X MESH =  36
 43.8 43.8 43.9 44.0 44.0 44.1 44.2 44.4 44.5 44.6
 44.8 44.9 44.9 44.9 44.9 44.9 44.9 45.0 45.0 45.1
 45.2 45.3 45.3 45.4 45.4 45.4 45.3 45.3 45.2 45.1
 45.0 44.9 44.7 44.4 44.1 43.8 43.5 43.1 42.6 42.1
 41.6 41.1 40.6 40.1 39.7 39.3 38.9 38.5 38.1 37.7
 37.3 37.0 36.8
 X MESH =  37
 43.7 43.7 43.8 43.8 43.9 43.9 44.0 44.1 44.2 44.3
 44.4 44.5 44.5 44.5 44.5 44.5 44.6 44.6 44.7 44.8
 44.9 44.9 45.0 45.0 45.0 45.0 45.0 44.9 44.8 44.7
 44.6 44.4 44.2 44.0 43.7 43.5 43.1 42.8 42.3 41.9
 41.4 41.0 40.5 40.1 39.6 39.2 38.8 38.4 38.0 37.7
 37.3 36.9 36.6
 X MESH =  38
 43.6 43.6 43.6 43.7 43.7 43.8 43.8 43.9 44.0 44.0
 44.1 44.1 44.1 44.1 44.1 44.2 44.2 44.3 44.4 44.5
 44.6 44.6 44.7 44.7 44.7 44.7 44.6 44.6 44.5 44.3
 44.2 44.1 43.9 43.7 43.4 43.1 42.8 42.5 42.1 41.7
 41.3 40.8 40.4 40.0 39.6 39.2 38.8 38.4 38.0 37.6
 37.3 36.9 36.7
 X MESH =  39
 43.5 43.5 43.5 43.6 43.6 43.6 43.7 43.7 43.7 43.7
 43.8 43.7 43.7 43.7 43.8 43.8 43.9 44.0 44.1 44.2
 44.3 44.4 44.4 44.4 44.4 44.4 44.3 44.2 44.1 44.0
 43.9 43.7 43.5 43.3 43.1 42.9 42.6 42.3 41.9 41.5
 41.1 40.7 40.3 39.9 39.5 39.1 38.7 38.3 38.0 37.6
 37.2 36.9 36.5
 X MESH =  40
 43.4 43.4 43.5 43.5 43.5 43.5 43.5 43.5 43.5 43.5
 43.5 43.5 43.4 43.4 43.4 43.5 43.6 43.7 43.8 43.9
 44.0 44.1 44.2 44.2 44.2 44.1 44.0 44.0 43.8 43.7
 43.6 43.4 43.2 43.1 42.9 42.6 42.4 42.1 41.7 41.4
 41.0 40.6 40.2 39.8 39.5 39.1 38.7 38.3 37.9 37.6
 37.2 36.8 36.7
 X MESH =  41
 43.4 43.4 43.4 43.4 43.4 43.4 43.4 43.4 43.3 43.3
 43.2 43.2 43.1 43.1 43.2 43.2 43.3 43.4 43.6 43.7
 43.8 43.9 44.0 44.0 44.0 43.9 43.8 43.7 43.6 43.4
 43.3 43.2 43.0 42.8 42.6 42.4 42.2 41.9 41.6 41.3
 40.9 40.5 40.2 39.8 39.4 39.0 38.7 38.3 37.9 37.5
 37.2 36.8 36.4
 X MESH =  42
 43.3 43.4 43.4 43.4 43.3 43.3 43.3 43.3 43.2 43.1
 43.0 43.0 42.9 42.9 42.9 42.9 43.0 43.2 43.4 43.5
 43.7 43.8 43.8 43.8 43.8 43.8 43.7 43.5 43.4 43.3
 43.1 43.0 42.8 42.7 42.5 42.3 42.1 41.8 41.5 41.2
 40.8 40.5 40.1 39.7 39.4 39.0 38.6 38.3 37.9 37.5
 37.2 36.8 36.6
 X MESH =  43
 43.3 43.3 43.3 43.3 43.3 43.3 43.2 43.2 43.1 43.0
 42.9 42.8 42.7 42.7 42.6 42.7 42.7 42.9 43.2 43.4
 43.5 43.7 43.7 43.7 43.7 43.7 43.5 43.4 43.3 43.1
 43.0 42.9 42.7 42.5 42.4 42.2 42.0 41.7 41.4 41.1
 40.8 40.4 40.1 39.7 39.3 39.0 38.6 38.2 37.9 37.5
 37.2 36.8 36.4
 X MESH =  44
 43.3 43.3 43.3 43.3 43.3 43.2 43.2 43.1 43.0 43.0
 42.9 42.8 42.7 42.6 42.5 42.5 42.6 42.8 43.1 43.3
 43.5 43.6 43.7 43.7 43.7 43.6 43.5 43.4 43.2 43.1
 42.9 42.8 42.6 42.5 42.3 42.1 41.9 41.7 41.4 41.1
 40.7 40.4 40.1 39.7 39.3 39.0 38.6 38.2 37.9 37.5
 37.1 36.8 36.6
